2025-11-14 04:07:37,460 [INFO] Activator:177 - 


2025-11-14 04:07:37,461 [INFO] Activator:178 - !SESSION log4j initialized
2025-11-14 04:22:19,033 [INFO] McuFinderGlobals:39 - Set McuFinder mode to 2 (CubeIDE integrated)
2025-11-14 04:22:20,322 [INFO] ApplicationProperties:181 - Using Application install path: C:\Users\Thanh Phong\STM32CubeIDE_1.7.0\STM32CubeIDE\plugins\com.st.stm32cube.common.mx_6.3.0.202107141111
2025-11-14 04:22:20,331 [INFO] DbMcusXml:74 - Set database path to: C:\Users\Thanh Phong\STM32CubeIDE_1.7.0\STM32CubeIDE\plugins\com.st.stm32cube.common.mx_6.3.0.202107141111\\db\/mcu/
2025-11-14 04:22:20,334 [INFO] DbBoardsPdsc:56 - Set plugin database path to: C:\Users\Thanh Phong\STM32CubeIDE_1.7.0\STM32CubeIDE\plugins\com.st.stm32cube.common.mx_6.3.0.202107141111\\db\/plugins/boardmanager/
2025-11-14 04:22:20,335 [INFO] DbMcus:258 - Set plugin images path to: C:\Users\Thanh Phong\STM32CubeIDE_1.7.0\STM32CubeIDE\plugins\com.st.stm32cube.common.mx_6.3.0.202107141111\\db\/plugins/mcufinder/images/
2025-11-14 04:22:20,335 [INFO] DbBoards:264 - Set plugin images path to: C:\Users\Thanh Phong\STM32CubeIDE_1.7.0\STM32CubeIDE\plugins\com.st.stm32cube.common.mx_6.3.0.202107141111\\db\/plugins/mcufinder/images/
2025-11-14 04:22:20,337 [INFO] DbExamples:333 - Set plugin images path to: C:\Users\Thanh Phong\STM32CubeIDE_1.7.0\STM32CubeIDE\plugins\com.st.stm32cube.common.mx_6.3.0.202107141111\\db\/plugins/mcufinder/images/
2025-11-14 04:22:20,340 [INFO] DbMcusAds:119 - Set database path to: C:\Users\Thanh Phong\.stmcufinder\plugins\mcufinder//mcu/
2025-11-14 04:22:20,341 [INFO] DbMcusDocs:110 - Set database path to: C:\Users\Thanh Phong\.stmcufinder\plugins\mcufinder//mcu/
2025-11-14 04:22:20,344 [INFO] DbMcusJson:64 - Set database path to: C:\Users\Thanh Phong\.stmcufinder\plugins\mcufinder//mcu/
2025-11-14 04:22:20,345 [INFO] DbBoardsDocs:110 - Set database path to: C:\Users\Thanh Phong\.stmcufinder\plugins\mcufinder//mcu/
2025-11-14 04:22:20,345 [INFO] DbBoardsJson:57 - Set database path to: C:\Users\Thanh Phong\.stmcufinder\plugins\mcufinder//mcu/
2025-11-14 04:22:21,358 [INFO] CrossReferenceDbSqlite:196 - Set database path to: C:\Users\Thanh Phong\.stmcufinder\plugins\mcufinder//mcu/cs/
2025-11-14 04:22:21,361 [INFO] DbExamplesSqlite:767 - Set database path to: C:\Users\Thanh Phong\.stmcufinder\plugins\mcufinder//mcu/
2025-11-14 04:22:21,430 [INFO] RulesReader:57 - Compatibility file has been processed (242 Rules)
2025-11-14 04:22:21,476 [INFO] DbMcusXml:74 - Set database path to: C:\Users\Thanh Phong\STM32CubeIDE_1.7.0\STM32CubeIDE\plugins\com.st.stm32cube.common.mx_6.3.0.202107141111\\db\/mcu/
2025-11-14 04:22:21,476 [INFO] DbBoardsPdsc:56 - Set plugin database path to: C:\Users\Thanh Phong\STM32CubeIDE_1.7.0\STM32CubeIDE\plugins\com.st.stm32cube.common.mx_6.3.0.202107141111\\db\/plugins/boardmanager/
2025-11-14 04:22:21,477 [INFO] DbMcus:258 - Set plugin images path to: C:\Users\Thanh Phong\STM32CubeIDE_1.7.0\STM32CubeIDE\plugins\com.st.stm32cube.common.mx_6.3.0.202107141111\\db\/plugins/mcufinder/images/
2025-11-14 04:22:21,477 [INFO] DbBoards:264 - Set plugin images path to: C:\Users\Thanh Phong\STM32CubeIDE_1.7.0\STM32CubeIDE\plugins\com.st.stm32cube.common.mx_6.3.0.202107141111\\db\/plugins/mcufinder/images/
2025-11-14 04:22:21,477 [INFO] DbExamples:333 - Set plugin images path to: C:\Users\Thanh Phong\STM32CubeIDE_1.7.0\STM32CubeIDE\plugins\com.st.stm32cube.common.mx_6.3.0.202107141111\\db\/plugins/mcufinder/images/
2025-11-14 04:22:21,477 [WARN] DbFile:35 - Overriding database path with different value: C:\Users\Thanh Phong\.stmcufinder\plugins\mcufinder/ => C:\Users\Thanh Phong\.stmcufinder\plugins\mcufinder
2025-11-14 04:22:21,477 [INFO] DbMcusAds:119 - Set database path to: C:\Users\Thanh Phong\.stmcufinder\plugins\mcufinder//mcu/
2025-11-14 04:22:21,477 [WARN] DbFile:35 - Overriding database path with different value: C:\Users\Thanh Phong\.stmcufinder\plugins\mcufinder/ => C:\Users\Thanh Phong\.stmcufinder\plugins\mcufinder
2025-11-14 04:22:21,477 [INFO] DbMcusDocs:110 - Set database path to: C:\Users\Thanh Phong\.stmcufinder\plugins\mcufinder//mcu/
2025-11-14 04:22:21,477 [WARN] DbFile:35 - Overriding database path with different value: C:\Users\Thanh Phong\.stmcufinder\plugins\mcufinder/ => C:\Users\Thanh Phong\.stmcufinder\plugins\mcufinder
2025-11-14 04:22:21,477 [INFO] DbMcusJson:64 - Set database path to: C:\Users\Thanh Phong\.stmcufinder\plugins\mcufinder//mcu/
2025-11-14 04:22:21,477 [WARN] DbFile:35 - Overriding database path with different value: C:\Users\Thanh Phong\.stmcufinder\plugins\mcufinder/ => C:\Users\Thanh Phong\.stmcufinder\plugins\mcufinder
2025-11-14 04:22:21,477 [INFO] DbBoardsDocs:110 - Set database path to: C:\Users\Thanh Phong\.stmcufinder\plugins\mcufinder//mcu/
2025-11-14 04:22:21,477 [WARN] DbFile:35 - Overriding database path with different value: C:\Users\Thanh Phong\.stmcufinder\plugins\mcufinder/ => C:\Users\Thanh Phong\.stmcufinder\plugins\mcufinder
2025-11-14 04:22:21,478 [INFO] DbBoardsJson:57 - Set database path to: C:\Users\Thanh Phong\.stmcufinder\plugins\mcufinder//mcu/
2025-11-14 04:22:21,478 [WARN] DbFile:35 - Overriding database path with different value: C:\Users\Thanh Phong\.stmcufinder\plugins\mcufinder/ => C:\Users\Thanh Phong\.stmcufinder\plugins\mcufinder
2025-11-14 04:22:21,478 [WARN] DbFile:35 - Overriding database path with different value: C:\Users\Thanh Phong\.stmcufinder\plugins\mcufinder/ => C:\Users\Thanh Phong\.stmcufinder\plugins\mcufinder
2025-11-14 04:22:22,349 [INFO] CrossReferenceDbSqlite:196 - Set database path to: C:\Users\Thanh Phong\.stmcufinder\plugins\mcufinder//mcu/cs/
2025-11-14 04:22:22,349 [WARN] DbFile:35 - Overriding database path with different value: C:\Users\Thanh Phong\.stmcufinder\plugins\mcufinder/ => C:\Users\Thanh Phong\.stmcufinder\plugins\mcufinder
2025-11-14 04:22:22,349 [INFO] DbExamplesSqlite:767 - Set database path to: C:\Users\Thanh Phong\.stmcufinder\plugins\mcufinder//mcu/
2025-11-14 04:22:22,387 [INFO] MainPanel:214 - HeapMemory: 933232640
2025-11-14 04:22:22,431 [INFO] DbMcusXml:74 - Set database path to: C:\Users\Thanh Phong\STM32CubeIDE_1.7.0\STM32CubeIDE\plugins\com.st.stm32cube.common.mx_6.3.0.202107141111\\db\/mcu/
2025-11-14 04:22:22,432 [INFO] DbBoardsPdsc:56 - Set plugin database path to: C:\Users\Thanh Phong\STM32CubeIDE_1.7.0\STM32CubeIDE\plugins\com.st.stm32cube.common.mx_6.3.0.202107141111\\db\/plugins/boardmanager/
2025-11-14 04:22:22,432 [INFO] DbMcus:258 - Set plugin images path to: C:\Users\Thanh Phong\STM32CubeIDE_1.7.0\STM32CubeIDE\plugins\com.st.stm32cube.common.mx_6.3.0.202107141111\\db\/plugins/mcufinder/images/
2025-11-14 04:22:22,432 [INFO] DbBoards:264 - Set plugin images path to: C:\Users\Thanh Phong\STM32CubeIDE_1.7.0\STM32CubeIDE\plugins\com.st.stm32cube.common.mx_6.3.0.202107141111\\db\/plugins/mcufinder/images/
2025-11-14 04:22:22,432 [INFO] DbExamples:333 - Set plugin images path to: C:\Users\Thanh Phong\STM32CubeIDE_1.7.0\STM32CubeIDE\plugins\com.st.stm32cube.common.mx_6.3.0.202107141111\\db\/plugins/mcufinder/images/
2025-11-14 04:22:22,432 [WARN] DbFile:35 - Overriding database path with different value: C:\Users\Thanh Phong\.stmcufinder\plugins\mcufinder/ => C:\Users\Thanh Phong\.stmcufinder\plugins\mcufinder
2025-11-14 04:22:22,432 [INFO] DbMcusAds:119 - Set database path to: C:\Users\Thanh Phong\.stmcufinder\plugins\mcufinder//mcu/
2025-11-14 04:22:22,432 [WARN] DbFile:35 - Overriding database path with different value: C:\Users\Thanh Phong\.stmcufinder\plugins\mcufinder/ => C:\Users\Thanh Phong\.stmcufinder\plugins\mcufinder
2025-11-14 04:22:22,432 [INFO] DbMcusDocs:110 - Set database path to: C:\Users\Thanh Phong\.stmcufinder\plugins\mcufinder//mcu/
2025-11-14 04:22:22,433 [WARN] DbFile:35 - Overriding database path with different value: C:\Users\Thanh Phong\.stmcufinder\plugins\mcufinder/ => C:\Users\Thanh Phong\.stmcufinder\plugins\mcufinder
2025-11-14 04:22:22,433 [INFO] DbMcusJson:64 - Set database path to: C:\Users\Thanh Phong\.stmcufinder\plugins\mcufinder//mcu/
2025-11-14 04:22:22,433 [WARN] DbFile:35 - Overriding database path with different value: C:\Users\Thanh Phong\.stmcufinder\plugins\mcufinder/ => C:\Users\Thanh Phong\.stmcufinder\plugins\mcufinder
2025-11-14 04:22:22,433 [INFO] DbBoardsDocs:110 - Set database path to: C:\Users\Thanh Phong\.stmcufinder\plugins\mcufinder//mcu/
2025-11-14 04:22:22,433 [WARN] DbFile:35 - Overriding database path with different value: C:\Users\Thanh Phong\.stmcufinder\plugins\mcufinder/ => C:\Users\Thanh Phong\.stmcufinder\plugins\mcufinder
2025-11-14 04:22:22,433 [INFO] DbBoardsJson:57 - Set database path to: C:\Users\Thanh Phong\.stmcufinder\plugins\mcufinder//mcu/
2025-11-14 04:22:22,433 [WARN] DbFile:35 - Overriding database path with different value: C:\Users\Thanh Phong\.stmcufinder\plugins\mcufinder/ => C:\Users\Thanh Phong\.stmcufinder\plugins\mcufinder
2025-11-14 04:22:22,433 [WARN] DbFile:35 - Overriding database path with different value: C:\Users\Thanh Phong\.stmcufinder\plugins\mcufinder/ => C:\Users\Thanh Phong\.stmcufinder\plugins\mcufinder
2025-11-14 04:22:23,362 [INFO] CrossReferenceDbSqlite:196 - Set database path to: C:\Users\Thanh Phong\.stmcufinder\plugins\mcufinder//mcu/cs/
2025-11-14 04:22:23,362 [WARN] DbFile:35 - Overriding database path with different value: C:\Users\Thanh Phong\.stmcufinder\plugins\mcufinder/ => C:\Users\Thanh Phong\.stmcufinder\plugins\mcufinder
2025-11-14 04:22:23,362 [INFO] DbExamplesSqlite:767 - Set database path to: C:\Users\Thanh Phong\.stmcufinder\plugins\mcufinder//mcu/
2025-11-14 04:22:23,374 [INFO] ApplicationProperties:181 - Using Application install path: C:\Users\Thanh Phong\STM32CubeIDE_1.7.0\STM32CubeIDE\plugins\com.st.stm32cube.common.mx_6.3.0.202107141111
2025-11-14 04:22:23,375 [INFO] PluginManage:188 - Search for loadable plugins [exclusion list=, ]
2025-11-14 04:22:23,376 [INFO] PluginManage:302 - Check plugin analytics
2025-11-14 04:22:24,393 [INFO] AnalyticsPlugin:257 - Accepted Software Licenses: 
2025-11-14 04:22:24,393 [INFO] AnalyticsPlugin:259 - Accepted CMSIS Pack Licenses: 
2025-11-14 04:22:24,394 [INFO] AnalyticsPlugin:261 - Accepted Firmware Licenses: 
2025-11-14 04:22:24,394 [INFO] PluginManage:352 - Loaded plugin analytics (category:tool,tabindex:-1)
2025-11-14 04:22:24,394 [INFO] PluginManage:302 - Check plugin clock
2025-11-14 04:22:24,402 [INFO] PluginManage:352 - Loaded plugin clock (category:base,tabindex:2)
2025-11-14 04:22:24,402 [INFO] PluginManage:302 - Check plugin ddr
2025-11-14 04:22:24,404 [INFO] PluginManage:352 - Loaded plugin ddr (category:tool,tabindex:6)
2025-11-14 04:22:24,404 [INFO] PluginManage:302 - Check plugin filemanager
2025-11-14 04:22:24,508 [INFO] PluginManage:352 - Loaded plugin filemanager (category:base,tabindex:10)
2025-11-14 04:22:24,508 [INFO] PluginManage:302 - Check plugin ipmanager
2025-11-14 04:22:24,514 [INFO] PluginManage:352 - Loaded plugin ipmanager (category:base,tabindex:5)
2025-11-14 04:22:24,514 [INFO] PluginManage:302 - Check plugin pinoutandconfiguration
2025-11-14 04:22:24,521 [INFO] PluginManage:352 - Loaded plugin pinoutandconfiguration (category:base,tabindex:1)
2025-11-14 04:22:24,521 [INFO] PluginManage:302 - Check plugin pinoutconfig
2025-11-14 04:22:24,540 [INFO] PluginManage:352 - Loaded plugin pinoutconfig (category:base,tabindex:0)
2025-11-14 04:22:24,540 [INFO] PluginManage:302 - Check plugin power
2025-11-14 04:22:24,546 [INFO] PluginManage:352 - Loaded plugin power (category:power,tabindex:4)
2025-11-14 04:22:24,546 [INFO] PluginManage:302 - Check plugin projectmanager
2025-11-14 04:22:24,560 [INFO] PluginManage:352 - Loaded plugin projectmanager (category:projectmanager,tabindex:3)
2025-11-14 04:22:24,560 [INFO] PluginManage:302 - Check plugin thirdparty
2025-11-14 04:22:24,647 [INFO] PluginManage:352 - Loaded plugin thirdparty (category:base,tabindex:-1)
2025-11-14 04:22:24,647 [INFO] PluginManage:302 - Check plugin tools
2025-11-14 04:22:24,647 [WARN] IntegrityCheckThread:78 - waiting for thirdparty lock release [integrity check]
2025-11-14 04:22:24,649 [INFO] IntegrityCheckThread:80 - entering critical section [integrity check]
2025-11-14 04:22:24,649 [INFO] ThirdPartyUpdaterWithRetryManager:66 - Updater plugin not ready yet. [1/15]
2025-11-14 04:22:24,650 [INFO] PluginManage:352 - Loaded plugin tools (category:base,tabindex:7)
2025-11-14 04:22:24,650 [INFO] PluginManage:302 - Check plugin tutovideos
2025-11-14 04:22:24,772 [INFO] PluginManage:352 - Loaded plugin tutovideos (category:base,tabindex:-1)
2025-11-14 04:22:24,772 [INFO] PluginManage:302 - Check plugin updater
2025-11-14 04:22:24,781 [INFO] PluginManage:352 - Loaded plugin updater (category:base,tabindex:12)
2025-11-14 04:22:24,781 [INFO] PluginManage:275 - PluginManage : Loaded plugins [13]
2025-11-14 04:22:24,897 [INFO] PinOutPanel:1463 - setPackage(No Configuration,No Configuration)
2025-11-14 04:22:24,957 [INFO] IPUIPlugin:74 - create IPUIPlugin
2025-11-14 04:22:24,958 [INFO] PluginManager:213 - loadIPPluginJar : add adc
2025-11-14 04:22:24,959 [INFO] IPUIPlugin:74 - create IPUIPlugin
2025-11-14 04:22:24,960 [INFO] PluginManager:213 - loadIPPluginJar : add aes
2025-11-14 04:22:24,961 [INFO] IPUIPlugin:74 - create IPUIPlugin
2025-11-14 04:22:24,961 [INFO] PluginManager:213 - loadIPPluginJar : add can
2025-11-14 04:22:24,962 [INFO] IPUIPlugin:74 - create IPUIPlugin
2025-11-14 04:22:24,962 [INFO] PluginManager:213 - loadIPPluginJar : add comp
2025-11-14 04:22:24,964 [INFO] IPUIPlugin:74 - create IPUIPlugin
2025-11-14 04:22:24,964 [INFO] PluginManager:213 - loadIPPluginJar : add cryp
2025-11-14 04:22:24,966 [INFO] IPUIPlugin:74 - create IPUIPlugin
2025-11-14 04:22:24,966 [INFO] PluginManager:213 - loadIPPluginJar : add dfsdm
2025-11-14 04:22:24,970 [INFO] IPUIPlugin:74 - create IPUIPlugin
2025-11-14 04:22:24,970 [INFO] PluginManager:213 - loadIPPluginJar : add dma
2025-11-14 04:22:24,972 [INFO] IPUIPlugin:74 - create IPUIPlugin
2025-11-14 04:22:24,972 [INFO] PluginManager:213 - loadIPPluginJar : add dma3
2025-11-14 04:22:24,973 [INFO] IPUIPlugin:74 - create IPUIPlugin
2025-11-14 04:22:24,973 [INFO] PluginManager:213 - loadIPPluginJar : add fatfs
2025-11-14 04:22:24,976 [INFO] IPUIPlugin:74 - create IPUIPlugin
2025-11-14 04:22:24,976 [INFO] PluginManager:213 - loadIPPluginJar : add fmc
2025-11-14 04:22:24,980 [INFO] IPUIPlugin:74 - create IPUIPlugin
2025-11-14 04:22:24,981 [INFO] PluginManager:213 - loadIPPluginJar : add freertos
2025-11-14 04:22:24,982 [INFO] IPUIPlugin:74 - create IPUIPlugin
2025-11-14 04:22:24,982 [INFO] PluginManager:213 - loadIPPluginJar : add genericplugin
2025-11-14 04:22:24,983 [INFO] IPUIPlugin:74 - create IPUIPlugin
2025-11-14 04:22:24,983 [INFO] PluginManager:213 - loadIPPluginJar : add gfxmmu
2025-11-14 04:22:24,987 [INFO] IPUIPlugin:74 - create IPUIPlugin
2025-11-14 04:22:24,988 [INFO] PluginManager:213 - loadIPPluginJar : add gic
2025-11-14 04:22:24,991 [INFO] IPUIPlugin:74 - create IPUIPlugin
2025-11-14 04:22:24,991 [INFO] PluginManager:213 - loadIPPluginJar : add gpio
2025-11-14 04:22:24,993 [INFO] IPUIPlugin:74 - create IPUIPlugin
2025-11-14 04:22:24,993 [INFO] PluginManager:213 - loadIPPluginJar : add gtzc
2025-11-14 04:22:24,994 [INFO] IPUIPlugin:74 - create IPUIPlugin
2025-11-14 04:22:24,994 [INFO] PluginManager:213 - loadIPPluginJar : add hash
2025-11-14 04:22:24,996 [INFO] IPUIPlugin:74 - create IPUIPlugin
2025-11-14 04:22:24,996 [INFO] PluginManager:213 - loadIPPluginJar : add i2c
2025-11-14 04:22:24,998 [INFO] IPUIPlugin:74 - create IPUIPlugin
2025-11-14 04:22:24,998 [INFO] PluginManager:213 - loadIPPluginJar : add i2s
2025-11-14 04:22:25,000 [INFO] IPUIPlugin:74 - create IPUIPlugin
2025-11-14 04:22:25,000 [INFO] PluginManager:213 - loadIPPluginJar : add ipddr
2025-11-14 04:22:25,006 [INFO] IPUIPlugin:74 - create IPUIPlugin
2025-11-14 04:22:25,006 [INFO] PluginManager:213 - loadIPPluginJar : add linkedlist
2025-11-14 04:22:25,008 [INFO] IPUIPlugin:74 - create IPUIPlugin
2025-11-14 04:22:25,008 [INFO] PluginManager:213 - loadIPPluginJar : add lorawan
2025-11-14 04:22:25,009 [INFO] IPUIPlugin:74 - create IPUIPlugin
2025-11-14 04:22:25,009 [INFO] PluginManager:213 - loadIPPluginJar : add ltdc
2025-11-14 04:22:25,012 [INFO] IPUIPlugin:74 - create IPUIPlugin
2025-11-14 04:22:25,012 [INFO] PluginManager:213 - loadIPPluginJar : add mdma
2025-11-14 04:22:25,015 [INFO] IPUIPlugin:74 - create IPUIPlugin
2025-11-14 04:22:25,015 [INFO] PluginManager:213 - loadIPPluginJar : add nvic
2025-11-14 04:22:25,017 [INFO] IPUIPlugin:74 - create IPUIPlugin
2025-11-14 04:22:25,017 [INFO] PluginManager:213 - loadIPPluginJar : add opamp
2025-11-14 04:22:25,019 [INFO] IPUIPlugin:74 - create IPUIPlugin
2025-11-14 04:22:25,019 [INFO] PluginManager:213 - loadIPPluginJar : add openamp
2025-11-14 04:22:25,021 [INFO] IPUIPlugin:74 - create IPUIPlugin
2025-11-14 04:22:25,021 [INFO] PluginManager:213 - loadIPPluginJar : add pdm2pcm
2025-11-14 04:22:25,025 [INFO] IPUIPlugin:74 - create IPUIPlugin
2025-11-14 04:22:25,028 [INFO] PluginManager:213 - loadIPPluginJar : add plateformsettings
2025-11-14 04:22:25,029 [INFO] IPUIPlugin:74 - create IPUIPlugin
2025-11-14 04:22:25,029 [INFO] PluginManager:213 - loadIPPluginJar : add quadspi
2025-11-14 04:22:25,031 [INFO] IPUIPlugin:74 - create IPUIPlugin
2025-11-14 04:22:25,031 [INFO] PluginManager:213 - loadIPPluginJar : add resmgrutility
2025-11-14 04:22:25,033 [INFO] IPUIPlugin:74 - create IPUIPlugin
2025-11-14 04:22:25,034 [INFO] PluginManager:213 - loadIPPluginJar : add sai
2025-11-14 04:22:25,035 [INFO] IPUIPlugin:74 - create IPUIPlugin
2025-11-14 04:22:25,035 [INFO] PluginManager:213 - loadIPPluginJar : add spi
2025-11-14 04:22:25,038 [INFO] IPUIPlugin:74 - create IPUIPlugin
2025-11-14 04:22:25,038 [INFO] PluginManager:213 - loadIPPluginJar : add stm32_wpan
2025-11-14 04:22:25,040 [INFO] IPUIPlugin:74 - create IPUIPlugin
2025-11-14 04:22:25,040 [INFO] PluginManager:213 - loadIPPluginJar : add tim
2025-11-14 04:22:25,042 [INFO] IPUIPlugin:74 - create IPUIPlugin
2025-11-14 04:22:25,042 [INFO] PluginManager:213 - loadIPPluginJar : add touchsensing
2025-11-14 04:22:25,043 [INFO] IPUIPlugin:74 - create IPUIPlugin
2025-11-14 04:22:25,043 [INFO] PluginManager:213 - loadIPPluginJar : add tracer_emb
2025-11-14 04:22:25,045 [INFO] IPUIPlugin:74 - create IPUIPlugin
2025-11-14 04:22:25,045 [INFO] PluginManager:213 - loadIPPluginJar : add ts
2025-11-14 04:22:25,046 [INFO] IPUIPlugin:74 - create IPUIPlugin
2025-11-14 04:22:25,046 [INFO] PluginManager:213 - loadIPPluginJar : add tsc
2025-11-14 04:22:25,047 [INFO] IPUIPlugin:74 - create IPUIPlugin
2025-11-14 04:22:25,047 [INFO] PluginManager:213 - loadIPPluginJar : add ucpd
2025-11-14 04:22:25,049 [INFO] IPUIPlugin:74 - create IPUIPlugin
2025-11-14 04:22:25,049 [INFO] PluginManager:213 - loadIPPluginJar : add usart
2025-11-14 04:22:25,051 [INFO] IPUIPlugin:74 - create IPUIPlugin
2025-11-14 04:22:25,051 [INFO] PluginManager:213 - loadIPPluginJar : add usbx
2025-11-14 04:22:25,290 [FATAL] Updater:294 - Updater called before beeing initialized
2025-11-14 04:22:25,383 [FATAL] Updater:294 - Updater called before beeing initialized
2025-11-14 04:22:25,386 [INFO] DbMcusAds:47 - JSON generation date=Mon Nov 10 17:43:01 ICT 2025 (1762771381096)
2025-11-14 04:22:25,386 [FATAL] Updater:294 - Updater called before beeing initialized
2025-11-14 04:22:25,407 [WARN] DetailPanel:314 - Failed to get advertising image, set to default
2025-11-14 04:22:25,464 [FATAL] Updater:294 - Updater called before beeing initialized
2025-11-14 04:22:25,465 [FATAL] Updater:294 - Updater called before beeing initialized
2025-11-14 04:22:25,466 [FATAL] Updater:294 - Updater called before beeing initialized
2025-11-14 04:22:25,466 [WARN] DetailPanel:314 - Failed to get advertising image, set to default
2025-11-14 04:22:25,467 [FATAL] Updater:294 - Updater called before beeing initialized
2025-11-14 04:22:25,505 [ERROR] Updater:1075 - MainUpdater not yet initialized. External WinMGr cannot be set.
2025-11-14 04:22:25,507 [INFO] Updater:1012 - Updater Version found : 6.3.0
2025-11-14 04:22:25,522 [INFO] ApplicationProperties:181 - Using Application install path: C:\Users\Thanh Phong\STM32CubeIDE_1.7.0\STM32CubeIDE\plugins\com.st.stm32cube.common.mx_6.3.0.202107141111
2025-11-14 04:22:26,344 [INFO] MainUpdater:2671 - connection check result : 10
2025-11-14 04:22:26,345 [INFO] MainUpdater:265 - Updater Check For Update Now.
2025-11-14 04:22:26,345 [INFO] MicroXplorer:478 - Change Database Version : DB.6.0.30
2025-11-14 04:22:26,514 [INFO] CheckServerUpdateThread:112 - End of CheckServer Thread
2025-11-14 04:22:26,574 [INFO] MainUpdater:2671 - connection check result : 10
2025-11-14 04:22:26,575 [INFO] MainUpdater:2671 - connection check result : 10
2025-11-14 04:22:26,637 [INFO] MicroXplorer:448 - Change Database Path : 
2025-11-14 04:22:26,637 [INFO] MicroXplorer:478 - Change Database Version : DB.6.0.30
2025-11-14 04:22:26,638 [WARN] ThirdParty:813 - waiting for thirdparty lock release [close project]
2025-11-14 04:22:27,742 [ERROR] Engine:463 - C:\Users\Thanh Phong\.stm32cubemx\thirdparties\pdsc\STMicroelectronics.FP-SNS-MOTENVWB1.1.4.0.pdsc: PDSC version is not supported
2025-11-14 04:22:27,759 [WARN] PackLoader:238 - Cannot read IP mode file for STMicroelectronics.FP-ATR-ASTRA1.2.0.2
2025-11-14 04:22:27,763 [ERROR] Engine:463 - C:\Users\Thanh Phong\.stm32cubemx\thirdparties\pdsc\STMicroelectronics.X-CUBE-SMBUS.2.1.0.pdsc: PDSC version is not supported
2025-11-14 04:22:27,764 [ERROR] Engine:463 - C:\Users\Thanh Phong\.stm32cubemx\thirdparties\pdsc\STMicroelectronics.X-CUBE-ST60.1.0.0.pdsc: PDSC version is not supported
2025-11-14 04:22:27,782 [WARN] PackLoader:238 - Cannot read IP mode file for STMicroelectronics.X-CUBE-AZRTOS-F7.1.1.0
2025-11-14 04:22:27,787 [ERROR] Engine:463 - C:\Users\Thanh Phong\.stm32cubemx\thirdparties\pdsc\STMicroelectronics.FP-SNS-MOTENV1.5.1.0.pdsc: PDSC version is not supported
2025-11-14 04:22:27,789 [ERROR] Engine:463 - C:\Users\Thanh Phong\.stm32cubemx\thirdparties\pdsc\WES.I-CUBE-Cesium.1.4.0.pdsc: PDSC version is not supported
2025-11-14 04:22:27,794 [ERROR] Engine:463 - C:\Users\Thanh Phong\.stm32cubemx\thirdparties\pdsc\Infineon.AIROC-Wi-Fi-Bluetooth-STM32.1.7.1.pdsc: PDSC version is not supported
2025-11-14 04:22:27,817 [WARN] PackLoader:238 - Cannot read IP mode file for STMicroelectronics.X-CUBE-AZRTOS-H7.3.4.0
2025-11-14 04:22:27,822 [ERROR] Engine:463 - C:\Users\Thanh Phong\.stm32cubemx\thirdparties\pdsc\STMicroelectronics.X-CUBE-DISPLAY.3.0.0.pdsc: PDSC version is not supported
2025-11-14 04:22:27,828 [WARN] PackLoader:238 - Cannot read IP mode file for STMicroelectronics.X-CUBE-NFC10.1.0.0
2025-11-14 04:22:27,831 [ERROR] Engine:463 - C:\Users\Thanh Phong\.stm32cubemx\thirdparties\pdsc\STMicroelectronics.X-CUBE-ST60.1.1.0.pdsc: PDSC version is not supported
2025-11-14 04:22:27,832 [ERROR] Engine:463 - C:\Users\Thanh Phong\.stm32cubemx\thirdparties\pdsc\emotas.I-CUBE-CANOPEN.1.3.0.pdsc: PDSC version is not supported
2025-11-14 04:22:27,835 [WARN] PackLoader:238 - Cannot read IP mode file for STMicroelectronics.X-CUBE-GNSS1.7.1.0
2025-11-14 04:22:27,838 [ERROR] Engine:463 - C:\Users\Thanh Phong\.stm32cubemx\thirdparties\pdsc\STMicroelectronics.FP-SNS-STBOX1.2.1.0.pdsc: PDSC version is not supported
2025-11-14 04:22:27,839 [ERROR] Engine:463 - C:\Users\Thanh Phong\.stm32cubemx\thirdparties\pdsc\STMicroelectronics.FP-SNS-SMARTAG2.1.2.0.pdsc: PDSC version is not supported
2025-11-14 04:22:27,840 [ERROR] Engine:463 - C:\Users\Thanh Phong\.stm32cubemx\thirdparties\pdsc\STMicroelectronics.FP-SNS-FLIGHT1.5.1.0.pdsc: PDSC version is not supported
2025-11-14 04:22:27,847 [INFO] LogOutputStream:76 - [STDOUT_REDIRECT] 1 : Invalid condition id : UX_CORESTACK_Condition cause : null
2025-11-14 04:22:27,850 [INFO] LogOutputStream:76 - [STDOUT_REDIRECT] 1 : Invalid condition id : UX_CORESTACK_Condition cause : null
2025-11-14 04:22:27,850 [INFO] LogOutputStream:76 - [STDOUT_REDIRECT] 1 : Invalid condition id : UX_CORESTACK_Condition cause : null
2025-11-14 04:22:27,851 [INFO] LogOutputStream:76 - [STDOUT_REDIRECT] 1 : Invalid condition id : UX_CORESTACK_Condition cause : null
2025-11-14 04:22:27,851 [INFO] LogOutputStream:76 - [STDOUT_REDIRECT] 1 : Invalid condition id : UX_CORESTACK_Condition cause : null
2025-11-14 04:22:27,853 [WARN] PackLoader:238 - Cannot read IP mode file for STMicroelectronics.X-CUBE-AZRTOS-WL.2.0.0
2025-11-14 04:22:27,855 [ERROR] Engine:463 - C:\Users\Thanh Phong\.stm32cubemx\thirdparties\pdsc\STMicroelectronics.FP-SNS-MOTENV1.5.0.0.pdsc: PDSC version is not supported
2025-11-14 04:22:27,858 [WARN] PackLoader:238 - Cannot read IP mode file for STMicroelectronics.X-CUBE-BLE2.3.3.0
2025-11-14 04:22:27,860 [ERROR] Engine:463 - C:\Users\Thanh Phong\.stm32cubemx\thirdparties\pdsc\Avnet-IOTCONNECT.X-CUBE-iotc-st67-sdk.1.0.0.pdsc: PDSC version is not supported
2025-11-14 04:22:27,864 [WARN] PackLoader:238 - Cannot read IP mode file for STMicroelectronics.X-CUBE-NFC9.1.0.0
2025-11-14 04:22:27,869 [WARN] PackLoader:238 - Cannot read IP mode file for wolfSSL.I-CUBE-wolfSSL.5.8.2
2025-11-14 04:22:27,872 [WARN] PackLoader:238 - Cannot read IP mode file for STMicroelectronics.X-CUBE-BLE1.7.1.0
2025-11-14 04:22:27,875 [WARN] PackLoader:238 - Cannot read IP mode file for wolfSSL.I-CUBE-wolfMQTT.1.19.2
2025-11-14 04:22:27,886 [WARN] PackLoader:238 - Cannot read IP mode file for STMicroelectronics.X-CUBE-EEPRMA1.5.2.0
2025-11-14 04:22:27,891 [ERROR] Engine:463 - C:\Users\Thanh Phong\.stm32cubemx\thirdparties\pdsc\STMicroelectronics.X-CUBE-ST67W61.1.1.0.pdsc: PDSC version is not supported
2025-11-14 04:22:27,901 [WARN] PackLoader:238 - Cannot read IP mode file for STMicroelectronics.X-CUBE-AZRTOS-G0.1.1.0
2025-11-14 04:22:27,909 [WARN] PackLoader:238 - Cannot read IP mode file for STMicroelectronics.X-CUBE-SAFEA1.1.2.2
2025-11-14 04:22:27,913 [WARN] PackLoader:238 - Cannot read IP mode file for STMicroelectronics.X-CUBE-NFC4.3.0.0
2025-11-14 04:22:27,916 [ERROR] Engine:463 - C:\Users\Thanh Phong\.stm32cubemx\thirdparties\pdsc\EmbeddedOffice.I-CUBE-FS-RTOS.1.0.1.pdsc: PDSC version is not supported
2025-11-14 04:22:27,919 [WARN] PackLoader:238 - Cannot read IP mode file for STMicroelectronics.X-CUBE-WB05N.2.0.0
2025-11-14 04:22:27,922 [WARN] PackLoader:238 - Cannot read IP mode file for wolfSSL.I-CUBE-wolfTPM.3.8.0
2025-11-14 04:22:27,925 [ERROR] Engine:463 - C:\Users\Thanh Phong\.stm32cubemx\thirdparties\pdsc\STMicroelectronics.X-CUBE-TCPP.4.2.0.pdsc: PDSC version is not supported
2025-11-14 04:22:27,926 [ERROR] Engine:463 - C:\Users\Thanh Phong\.stm32cubemx\thirdparties\pdsc\RealThread.X-CUBE-RT-Thread_Nano.4.1.1.pdsc: PDSC version is not supported
2025-11-14 04:22:27,928 [WARN] PackLoader:238 - Cannot read IP mode file for STMicroelectronics.FP-ATR-SIGFOX1.3.2.0
2025-11-14 04:22:27,931 [ERROR] Engine:463 - C:\Users\Thanh Phong\.stm32cubemx\thirdparties\pdsc\ITTIA_DB.I-CUBE-ITTIADB.8.9.0.pdsc: PDSC version is not supported
2025-11-14 04:22:27,932 [ERROR] Engine:463 - C:\Users\Thanh Phong\.stm32cubemx\thirdparties\pdsc\STMicroelectronics.X-CUBE-ST67W61.1.0.0.pdsc: PDSC version is not supported
2025-11-14 04:22:27,934 [WARN] PackLoader:238 - Cannot read IP mode file for STMicroelectronics.X-CUBE-AI.10.2.0
2025-11-14 04:22:27,962 [WARN] PackLoader:238 - Cannot read IP mode file for SEGGER.I-CUBE-embOS.1.3.1
2025-11-14 04:22:27,999 [WARN] PackLoader:238 - Cannot read IP mode file for STMicroelectronics.X-CUBE-ALGOBUILD.1.4.0
2025-11-14 04:22:28,051 [WARN] PackLoader:238 - Cannot read IP mode file for STMicroelectronics.X-CUBE-MEMS1.11.3.0
2025-11-14 04:22:28,157 [WARN] PackLoader:238 - Cannot read IP mode file for STMicroelectronics.X-CUBE-PM33A1.1.0.0
2025-11-14 04:22:28,168 [WARN] PackLoader:238 - Cannot read IP mode file for STMicroelectronics.X-CUBE-AZRTOS-F4.1.1.0
2025-11-14 04:22:28,171 [ERROR] Engine:463 - C:\Users\Thanh Phong\.stm32cubemx\thirdparties\pdsc\Avnet-IotConnect.X-CUBE-IoTC-DA16k-PMOD.1.0.0.pdsc: PDSC version is not supported
2025-11-14 04:22:28,173 [WARN] PackLoader:238 - Cannot read IP mode file for STMicroelectronics.X-CUBE-ISPU.2.1.0
2025-11-14 04:22:28,177 [ERROR] Engine:463 - C:\Users\Thanh Phong\.stm32cubemx\thirdparties\pdsc\STMicroelectronics.X-CUBE-IPS.3.2.0.pdsc: PDSC version is not supported
2025-11-14 04:22:28,181 [WARN] PackLoader:238 - Cannot read IP mode file for STMicroelectronics.X-CUBE-NFC12.1.0.0
2025-11-14 04:22:28,195 [WARN] PackLoader:238 - Cannot read IP mode file for STMicroelectronics.X-CUBE-AZRTOS-L5.2.0.0
2025-11-14 04:22:28,203 [WARN] PackLoader:238 - Cannot read IP mode file for STMicroelectronics.X-CUBE-NFC6.3.1.0
2025-11-14 04:22:28,206 [ERROR] Engine:463 - C:\Users\Thanh Phong\.stm32cubemx\thirdparties\pdsc\STMicroelectronics.X-CUBE-FREERTOS.1.3.1.pdsc: PDSC version is not supported
2025-11-14 04:22:28,209 [WARN] PackLoader:238 - Cannot read IP mode file for STMicroelectronics.X-CUBE-TOUCHGFX.4.26.0
2025-11-14 04:22:28,210 [ERROR] Engine:463 - C:\Users\Thanh Phong\.stm32cubemx\thirdparties\pdsc\STMicroelectronics.FP-SNS-STAIOTCFT.1.0.0.pdsc: PDSC version is not supported
2025-11-14 04:22:28,211 [ERROR] Engine:463 - C:\Users\Thanh Phong\.stm32cubemx\thirdparties\pdsc\STMicroelectronics.X-CUBE-DPower.1.3.0.pdsc: PDSC version is not supported
2025-11-14 04:22:28,221 [WARN] ConditionMgr:437 - getConditionDescription Invalid condition id : LAN8742 Phy interface Condition cause : null
2025-11-14 04:22:28,221 [WARN] PackLoader:238 - Cannot read IP mode file for STMicroelectronics.X-CUBE-AZRTOS-L4.2.0.0
2025-11-14 04:22:28,222 [WARN] ConditionMgr:1038 - genDependencies : Invalid condition id : LAN8742 Phy interface Condition cause : null
2025-11-14 04:22:28,222 [WARN] ConditionMgr:1038 - genDependencies : Invalid condition id : LAN8742 Phy interface Condition cause : null
2025-11-14 04:22:28,222 [WARN] ConditionMgr:1038 - genDependencies : Invalid condition id : LAN8742 Phy interface Condition cause : null
2025-11-14 04:22:28,227 [WARN] PackLoader:238 - Cannot read IP mode file for STMicroelectronics.X-CUBE-SFXS2LP1.4.0.0
2025-11-14 04:22:28,230 [ERROR] Engine:463 - C:\Users\Thanh Phong\.stm32cubemx\thirdparties\pdsc\STMicroelectronics.X-CUBE-BLEMGR.4.1.0.pdsc: PDSC version is not supported
2025-11-14 04:22:28,237 [WARN] ConditionMgr:437 - getConditionDescription Invalid condition id : UX DEVICE CLASS RTOS Condition cause : null
2025-11-14 04:22:28,238 [WARN] ConditionMgr:437 - getConditionDescription Invalid condition id : UX DEVICE CLASS RTOS Condition cause : null
2025-11-14 04:22:28,239 [WARN] PackLoader:238 - Cannot read IP mode file for STMicroelectronics.X-CUBE-AZRTOS-WB.2.0.0
2025-11-14 04:22:28,239 [WARN] ConditionMgr:1038 - genDependencies : Invalid condition id : UX DEVICE CLASS RTOS Condition cause : null
2025-11-14 04:22:28,239 [WARN] ConditionMgr:1038 - genDependencies : Invalid condition id : UX DEVICE CLASS RTOS Condition cause : null
2025-11-14 04:22:28,239 [WARN] ConditionMgr:1038 - genDependencies : Invalid condition id : UX DEVICE CLASS RTOS Condition cause : null
2025-11-14 04:22:28,240 [WARN] ConditionMgr:1038 - genDependencies : Invalid condition id : UX DEVICE CLASS RTOS Condition cause : null
2025-11-14 04:22:28,240 [WARN] ConditionMgr:1038 - genDependencies : Invalid condition id : UX DEVICE CLASS RTOS Condition cause : null
2025-11-14 04:22:28,246 [WARN] PackLoader:238 - Cannot read IP mode file for STMicroelectronics.X-CUBE-GNSS1.7.0.1
2025-11-14 04:22:28,249 [WARN] PackLoader:238 - Cannot read IP mode file for STMicroelectronics.X-CUBE-TOUCHGFX.4.25.0
2025-11-14 04:22:28,249 [ERROR] Engine:463 - C:\Users\Thanh Phong\.stm32cubemx\thirdparties\pdsc\quantropi.X-CUBE-qispace-sdk-base.2.1.0.pdsc: PDSC version is not supported
2025-11-14 04:22:28,254 [WARN] PackLoader:238 - Cannot read IP mode file for STMicroelectronics.X-CUBE-SUBG2.5.0.0
2025-11-14 04:22:28,268 [WARN] PackLoader:238 - Cannot read IP mode file for STMicroelectronics.X-CUBE-AZRTOS-H7RS.1.1.0
2025-11-14 04:22:28,271 [ERROR] Engine:463 - C:\Users\Thanh Phong\.stm32cubemx\thirdparties\pdsc\Cesanta.I-CUBE-Mongoose.7.13.0.pdsc: PDSC version is not supported
2025-11-14 04:22:28,280 [WARN] PackLoader:238 - Cannot read IP mode file for STMicroelectronics.X-CUBE-AZRTOS-G4.2.0.0
2025-11-14 04:22:28,283 [WARN] PackLoader:238 - Cannot read IP mode file for wolfSSL.I-CUBE-wolfSSH.1.4.20
2025-11-14 04:22:28,284 [WARN] PackLoader:238 - Cannot read IP mode file for STMicroelectronics.X-CUBE-NFC7.2.0.0
2025-11-14 04:22:28,292 [ERROR] Engine:463 - C:\Users\Thanh Phong\.stm32cubemx\thirdparties\pdsc\STMicroelectronics.X-CUBE-IPS.3.1.0.pdsc: PDSC version is not supported
2025-11-14 04:22:28,294 [ERROR] Engine:463 - C:\Users\Thanh Phong\.stm32cubemx\thirdparties\pdsc\STMicroelectronics.X-CUBE-ALS.1.0.2.pdsc: PDSC version is not supported
2025-11-14 04:22:28,297 [WARN] PackLoader:238 - Cannot read IP mode file for STMicroelectronics.X-CUBE-STSE01.1.0.0
2025-11-14 04:22:28,301 [ERROR] Engine:463 - C:\Users\Thanh Phong\.stm32cubemx\thirdparties\pdsc\STMicroelectronics.X-CUBE-TOF1.3.4.3.pdsc: PDSC version is not supported
2025-11-14 04:22:28,302 [INFO] ThirdParty:915 - Integrity check success = true
2025-11-14 04:22:28,302 [INFO] IntegrityCheckThread:94 - exiting critical section [integrity check]
2025-11-14 04:22:28,302 [INFO] IntegrityCheckThread:97 - End integrity checks thread
2025-11-14 04:22:28,303 [INFO] ThirdParty:815 - entering critical section [close project]
2025-11-14 04:22:28,304 [INFO] ThirdParty:825 - exiting critical section [close project]
2025-11-14 04:22:28,307 [INFO] PinOutPanel:1463 - setPackage(No Configuration,No Configuration)
2025-11-14 04:22:28,308 [INFO] UtilMem:74 - Begin LoadConfig() Used Memory: 880186200 Bytes (933232640)
2025-11-14 04:22:28,309 [INFO] MicroXplorer:448 - Change Database Path : 
2025-11-14 04:22:28,309 [INFO] MicroXplorer:478 - Change Database Version : DB.6.0.30
2025-11-14 04:22:28,309 [INFO] OpenFileManager:313 - Change cursor
2025-11-14 04:22:28,798 [INFO] Context:592 - Trying to add GPIOservice into a context  which must be forbidden
2025-11-14 04:22:28,934 [WARN] ApiManager:304 - Cannot register API 'Board Extension:PM33A1' from pack STMicroelectronics.X-CUBE-PM33A1.1.0.0: no header file found
2025-11-14 04:22:28,936 [WARN] ApiManager:304 - Cannot register API 'Board Extension:NFC09A1' from pack STMicroelectronics.X-CUBE-NFC9.1.0.0: no header file found
2025-11-14 04:22:28,940 [WARN] ApiManager:304 - Cannot register API 'Wireless:BlueNRG-MS' from pack STMicroelectronics.X-CUBE-BLE1.7.1.0: no header file found
2025-11-14 04:22:28,941 [WARN] ApiManager:304 - Cannot register API 'Board Extension:EEPRMA2' from pack STMicroelectronics.X-CUBE-EEPRMA1.5.2.0: no header file found
2025-11-14 04:22:28,941 [WARN] ApiManager:304 - Cannot register API 'Board Extension:PGEEZ1' from pack STMicroelectronics.X-CUBE-EEPRMA1.5.2.0: no header file found
2025-11-14 04:22:28,941 [WARN] ApiManager:304 - Cannot register API 'Board Extension:EEICA1' from pack STMicroelectronics.X-CUBE-EEPRMA1.5.2.0: no header file found
2025-11-14 04:22:28,941 [WARN] ApiManager:304 - Cannot register API 'Board Part:M24' from pack STMicroelectronics.X-CUBE-EEPRMA1.5.2.0: no header file found
2025-11-14 04:22:28,941 [WARN] ApiManager:304 - Cannot register API 'Board Part:M95' from pack STMicroelectronics.X-CUBE-EEPRMA1.5.2.0: no header file found
2025-11-14 04:22:28,942 [WARN] ApiManager:304 - Cannot register API 'Board Part:M95P32' from pack STMicroelectronics.X-CUBE-EEPRMA1.5.2.0: no header file found
2025-11-14 04:22:28,942 [WARN] ApiManager:304 - Cannot register API 'Board Part:M24256E-F' from pack STMicroelectronics.X-CUBE-EEPRMA1.5.2.0: no header file found
2025-11-14 04:22:28,942 [WARN] ApiManager:304 - Cannot register API 'Board Part:M24M01E-F' from pack STMicroelectronics.X-CUBE-EEPRMA1.5.2.0: no header file found
2025-11-14 04:22:28,942 [WARN] ApiManager:304 - Cannot register API 'PGEEZ1:SPI' from pack STMicroelectronics.X-CUBE-EEPRMA1.5.2.0: no header file found
2025-11-14 04:22:28,942 [WARN] ApiManager:304 - Cannot register API 'PGEEZ1:QDSPI' from pack STMicroelectronics.X-CUBE-EEPRMA1.5.2.0: no header file found
2025-11-14 04:22:28,943 [WARN] ApiManager:304 - Cannot register API 'Board Extension:GNSS1A1' from pack STMicroelectronics.X-CUBE-GNSS1.7.0.1: no header file found
2025-11-14 04:22:28,943 [WARN] ApiManager:304 - Cannot register API 'Board Support:Custom' from pack STMicroelectronics.X-CUBE-GNSS1.7.0.1: no header file found
2025-11-14 04:22:28,943 [WARN] ApiManager:304 - Cannot register API 'Data Exchange:lib_gnss' from pack STMicroelectronics.X-CUBE-GNSS1.7.0.1: no header file found
2025-11-14 04:22:28,944 [WARN] ApiManager:304 - Cannot register API 'Board Extension:NFC12A1' from pack STMicroelectronics.X-CUBE-NFC12.1.0.0: no header file found
2025-11-14 04:22:28,949 [WARN] ApiManager:304 - Cannot register API 'Board Extension:NFC06A1' from pack STMicroelectronics.X-CUBE-NFC6.3.1.0: no header file found
2025-11-14 04:22:28,949 [WARN] ApiManager:304 - Cannot register API 'Board Extension:NFC08A1' from pack STMicroelectronics.X-CUBE-NFC6.3.1.0: no header file found
2025-11-14 04:22:28,950 [INFO] RtosManager:484 - Registered RTOS mode: class=CMSIS, group=RTOS, mode=CMSIS_V1, owner=FREERTOS
2025-11-14 04:22:28,950 [INFO] RtosManager:484 - Registered RTOS mode: class=CMSIS, group=RTOS2, mode=CMSIS_V2, owner=FREERTOS
2025-11-14 04:22:28,950 [INFO] RtosManager:484 - Registered RTOS mode: class=RTOS, group=Core, mode=CMSIS_V1, owner=FREERTOS
2025-11-14 04:22:28,950 [INFO] RtosManager:484 - Registered RTOS mode: class=RTOS, group=Core, mode=CMSIS_V2, owner=FREERTOS
2025-11-14 04:22:28,950 [WARN] ModelIntegratedComponent:181 - Missing modes for component STMicroelectronics:FreeRTOS:0.0.1:STMicroelectronics:RTOS:FreeRTOS:Core:::10.2.0:
2025-11-14 04:22:28,952 [WARN] ApiManager:304 - Cannot register API 'Board Extension:STSAFEA1' from pack STMicroelectronics.X-CUBE-SAFEA1.1.2.2: no header file found
2025-11-14 04:22:28,952 [WARN] ApiManager:304 - Cannot register API 'Board Part:STSAFEA110' from pack STMicroelectronics.X-CUBE-SAFEA1.1.2.2: no header file found
2025-11-14 04:22:28,952 [WARN] ApiManager:304 - Cannot register API 'Security:ST_Cryptolib' from pack STMicroelectronics.X-CUBE-SAFEA1.1.2.2: no header file found
2025-11-14 04:22:28,952 [WARN] ApiManager:304 - Cannot register API 'Security:MbedTLS' from pack STMicroelectronics.X-CUBE-SAFEA1.1.2.2: no header file found
2025-11-14 04:22:28,952 [WARN] ApiManager:304 - Cannot register API 'Board Extension:NFC04A1' from pack STMicroelectronics.X-CUBE-NFC4.3.0.0: no header file found
2025-11-14 04:22:28,962 [WARN] ApiManager:304 - Cannot register API 'Board Extension:S2868A1' from pack STMicroelectronics.X-CUBE-SUBG2.5.0.0: no header file found
2025-11-14 04:22:28,962 [WARN] ApiManager:304 - Cannot register API 'Board Extension:S2868A2' from pack STMicroelectronics.X-CUBE-SUBG2.5.0.0: no header file found
2025-11-14 04:22:28,962 [WARN] ApiManager:304 - Cannot register API 'Board Extension:S2915A1' from pack STMicroelectronics.X-CUBE-SUBG2.5.0.0: no header file found
2025-11-14 04:22:28,966 [WARN] ApiManager:304 - Cannot register API 'Wireless:STM32WB05N' from pack STMicroelectronics.X-CUBE-WB05N.2.0.0: no header file found
2025-11-14 04:22:28,968 [WARN] ApiManager:304 - Cannot register API 'Board Extension:NFC07A1' from pack STMicroelectronics.X-CUBE-NFC7.2.0.0: no header file found
2025-11-14 04:22:28,969 [WARN] ApiManager:304 - Cannot register API 'Board Extension:NFC10A1' from pack STMicroelectronics.X-CUBE-NFC10.1.0.0: no header file found
2025-11-14 04:22:28,970 [WARN] ModelIntegratedComponent:60 - No mode defined for component null
2025-11-14 04:22:28,970 [WARN] ModelIntegratedComponent:60 - No mode defined for component null
2025-11-14 04:22:28,970 [WARN] ModelIntegratedComponent:60 - No mode defined for component null
2025-11-14 04:22:28,971 [WARN] ModelIntegratedComponent:60 - No mode defined for component null
2025-11-14 04:22:28,971 [WARN] ModelIntegratedComponent:60 - No mode defined for component null
2025-11-14 04:22:28,971 [WARN] ModelIntegratedComponent:60 - No mode defined for component null
2025-11-14 04:22:28,971 [WARN] ModelIntegratedComponent:60 - No mode defined for component null
2025-11-14 04:22:28,971 [WARN] ModelIntegratedComponent:60 - No mode defined for component null
2025-11-14 04:22:28,971 [WARN] ModelIntegratedComponent:60 - No mode defined for component null
2025-11-14 04:22:28,971 [WARN] ModelIntegratedComponent:60 - No mode defined for component null
2025-11-14 04:22:28,971 [WARN] ModelIntegratedComponent:60 - No mode defined for component null
2025-11-14 04:22:28,971 [WARN] ModelIntegratedComponent:60 - No mode defined for component null
2025-11-14 04:22:28,971 [WARN] ModelIntegratedComponent:60 - No mode defined for component null
2025-11-14 04:22:28,971 [WARN] ModelIntegratedComponent:60 - No mode defined for component null
2025-11-14 04:22:28,971 [WARN] ModelIntegratedComponent:60 - No mode defined for component null
2025-11-14 04:22:28,971 [WARN] ModelIntegratedComponent:60 - No mode defined for component null
2025-11-14 04:22:28,971 [WARN] ModelIntegratedComponent:60 - No mode defined for component null
2025-11-14 04:22:28,971 [WARN] ModelIntegratedComponent:60 - No mode defined for component null
2025-11-14 04:22:28,971 [WARN] ModelIntegratedComponent:60 - No mode defined for component null
2025-11-14 04:22:28,971 [WARN] ModelIntegratedComponent:60 - No mode defined for component null
2025-11-14 04:22:28,971 [WARN] ModelIntegratedComponent:60 - No mode defined for component null
2025-11-14 04:22:28,971 [WARN] ModelIntegratedComponent:60 - No mode defined for component null
2025-11-14 04:22:28,971 [WARN] ModelIntegratedComponent:60 - No mode defined for component null
2025-11-14 04:22:28,971 [WARN] ModelIntegratedComponent:60 - No mode defined for component null
2025-11-14 04:22:28,971 [WARN] ModelIntegratedComponent:60 - No mode defined for component null
2025-11-14 04:22:28,971 [WARN] ModelIntegratedComponent:60 - No mode defined for component null
2025-11-14 04:22:28,971 [WARN] ModelIntegratedComponent:60 - No mode defined for component null
2025-11-14 04:22:28,972 [WARN] ModelIntegratedComponent:60 - No mode defined for component null
2025-11-14 04:22:28,972 [WARN] ModelIntegratedComponent:60 - No mode defined for component null
2025-11-14 04:22:28,972 [WARN] ModelIntegratedComponent:60 - No mode defined for component null
2025-11-14 04:22:28,972 [WARN] ModelIntegratedComponent:60 - No mode defined for component null
2025-11-14 04:22:28,973 [WARN] ApiManager:304 - Cannot register API 'Board Extension:GNSS1A1' from pack STMicroelectronics.X-CUBE-GNSS1.7.1.0: no header file found
2025-11-14 04:22:28,973 [WARN] ApiManager:304 - Cannot register API 'Board Support:Custom' from pack STMicroelectronics.X-CUBE-GNSS1.7.1.0: no header file found
2025-11-14 04:22:28,973 [WARN] ApiManager:304 - Cannot register API 'Data Exchange:lib_gnss' from pack STMicroelectronics.X-CUBE-GNSS1.7.1.0: no header file found
2025-11-14 04:22:28,974 [WARN] ApiManager:304 - Cannot register API 'Board Extension:SAFEA1' from pack STMicroelectronics.X-CUBE-STSE01.1.0.0: no header file found
2025-11-14 04:22:28,974 [WARN] ApiManager:304 - Cannot register API 'Board Extension:ESE01A1' from pack STMicroelectronics.X-CUBE-STSE01.1.0.0: no header file found
2025-11-14 04:22:28,974 [WARN] ApiManager:304 - Cannot register API 'Board Part:STSAFEA110' from pack STMicroelectronics.X-CUBE-STSE01.1.0.0: no header file found
2025-11-14 04:22:28,974 [WARN] ApiManager:304 - Cannot register API 'Board Part:STSAFEA120' from pack STMicroelectronics.X-CUBE-STSE01.1.0.0: no header file found
2025-11-14 04:22:28,974 [WARN] ApiManager:304 - Cannot register API 'Security:STM32_Cryptographic' from pack STMicroelectronics.X-CUBE-STSE01.1.0.0: no header file found
2025-11-14 04:22:28,974 [WARN] ApiManager:304 - Cannot register API 'Security:STSELib' from pack STMicroelectronics.X-CUBE-STSE01.1.0.0: no header file found
2025-11-14 04:22:29,121 [WARN] ApiManager:304 - Cannot register API 'Board Extension:IKS01A3' from pack STMicroelectronics.X-CUBE-MEMS1.11.3.0: no header file found
2025-11-14 04:22:29,122 [WARN] ApiManager:304 - Cannot register API 'Board Extension:IKS02A1' from pack STMicroelectronics.X-CUBE-MEMS1.11.3.0: no header file found
2025-11-14 04:22:29,122 [WARN] ApiManager:304 - Cannot register API 'Board Extension:IKS4A1' from pack STMicroelectronics.X-CUBE-MEMS1.11.3.0: no header file found
2025-11-14 04:22:29,128 [WARN] ApiManager:304 - Cannot register API 'Board Extension:S2868A1' from pack STMicroelectronics.X-CUBE-SFXS2LP1.4.0.0: no header file found
2025-11-14 04:22:29,128 [WARN] ApiManager:304 - Cannot register API 'Board Extension:S2868A2' from pack STMicroelectronics.X-CUBE-SFXS2LP1.4.0.0: no header file found
2025-11-14 04:22:29,128 [WARN] ApiManager:304 - Cannot register API 'Board Extension:S2915A1' from pack STMicroelectronics.X-CUBE-SFXS2LP1.4.0.0: no header file found
2025-11-14 04:22:29,129 [WARN] ApiManager:304 - Cannot register API 'Wireless:BlueNRG-2' from pack STMicroelectronics.X-CUBE-BLE2.3.3.0: no header file found
2025-11-14 04:22:30,318 [INFO] UtilMem:74 - End LoadConfig() Used Memory: 857429080 Bytes (941621248)
2025-11-14 04:22:30,319 [INFO] DbMcusXml:100 - Load MCU database from C:\Users\Thanh Phong\STM32CubeIDE_1.7.0\STM32CubeIDE\plugins\com.st.stm32cube.common.mx_6.3.0.202107141111\\db\/mcu/families.xml
2025-11-14 04:22:30,765 [INFO] DbMcusJson:93 - JSON generation date=Tue Nov 16 23:17:54 ICT 2021 (1637079474)
2025-11-14 04:22:31,132 [INFO] DbMcus:175 - Found 1951 MCUs (1903 are supported by CubeMX, 1914 are visible in CubeMX)
2025-11-14 04:22:31,133 [INFO] ApiDb:251 - Load user favorites file C:\Users\Thanh Phong/.stm32cubeide/favorites.mcus.txt: 0 item(s)
2025-11-14 04:22:31,133 [INFO] ApiDb:255 - User favorites MCUs=[]
2025-11-14 04:22:31,133 [INFO] DbMcus:187 - Set 0 / 0 favorites MCUs
2025-11-14 04:22:31,135 [WARN] ThirdParty:779 - waiting for thirdparty lock release [change project]
2025-11-14 04:22:31,135 [INFO] ThirdParty:781 - entering critical section [change project]
2025-11-14 04:22:31,135 [INFO] ThirdParty:967 - CMSIS Pack Vendor :STMicroelectronics X-CUBE-PM33A1 1.0.0
2025-11-14 04:22:31,135 [INFO] ThirdParty:967 - CMSIS Pack Vendor :STMicroelectronics X-CUBE-NFC9 1.0.0
2025-11-14 04:22:31,135 [INFO] ThirdParty:967 - CMSIS Pack Vendor :STMicroelectronics USB_HOST 2.0.0
2025-11-14 04:22:31,135 [INFO] ThirdParty:967 - CMSIS Pack Vendor :STMicroelectronics X-CUBE-AZRTOS-F4 1.1.0
2025-11-14 04:22:31,135 [INFO] ThirdParty:967 - CMSIS Pack Vendor :STMicroelectronics FP-ATR-ASTRA1 2.0.2
2025-11-14 04:22:31,135 [INFO] ThirdParty:967 - CMSIS Pack Vendor :wolfSSL I-CUBE-wolfSSL 5.8.2
2025-11-14 04:22:31,135 [INFO] ThirdParty:967 - CMSIS Pack Vendor :STMicroelectronics X-CUBE-BLE1 7.1.0
2025-11-14 04:22:31,135 [INFO] ThirdParty:967 - CMSIS Pack Vendor :wolfSSL I-CUBE-wolfMQTT 1.19.2
2025-11-14 04:22:31,135 [INFO] ThirdParty:967 - CMSIS Pack Vendor :STMicroelectronics USB_DEVICE 3.0.0
2025-11-14 04:22:31,135 [INFO] ThirdParty:967 - CMSIS Pack Vendor :STMicroelectronics X-CUBE-ISPU 2.1.0
2025-11-14 04:22:31,135 [INFO] ThirdParty:967 - CMSIS Pack Vendor :STMicroelectronics X-CUBE-EEPRMA1 5.2.0
2025-11-14 04:22:31,135 [INFO] ThirdParty:967 - CMSIS Pack Vendor :STMicroelectronics X-CUBE-AZRTOS-WB 2.0.0
2025-11-14 04:22:31,135 [INFO] ThirdParty:967 - CMSIS Pack Vendor :STMicroelectronics X-CUBE-GNSS1 7.0.1
2025-11-14 04:22:31,135 [INFO] ThirdParty:967 - CMSIS Pack Vendor :STMicroelectronics X-CUBE-NFC12 1.0.0
2025-11-14 04:22:31,135 [INFO] ThirdParty:967 - CMSIS Pack Vendor :STMicroelectronics X-CUBE-AZRTOS-F7 1.1.0
2025-11-14 04:22:31,135 [INFO] ThirdParty:967 - CMSIS Pack Vendor :STMicroelectronics X-CUBE-AZRTOS-L5 2.0.0
2025-11-14 04:22:31,135 [INFO] ThirdParty:967 - CMSIS Pack Vendor :STMicroelectronics X-CUBE-TOUCHGFX 4.25.0
2025-11-14 04:22:31,135 [INFO] ThirdParty:967 - CMSIS Pack Vendor :STMicroelectronics USB_DEVICE 2.0.0
2025-11-14 04:22:31,135 [INFO] ThirdParty:967 - CMSIS Pack Vendor :STMicroelectronics X-CUBE-NFC6 3.1.0
2025-11-14 04:22:31,135 [INFO] ThirdParty:967 - CMSIS Pack Vendor :STMicroelectronics FreeRTOS 0.0.1
2025-11-14 04:22:31,135 [INFO] ThirdParty:967 - CMSIS Pack Vendor :STMicroelectronics X-CUBE-AZRTOS-G0 1.1.0
2025-11-14 04:22:31,135 [INFO] ThirdParty:967 - CMSIS Pack Vendor :STMicroelectronics X-CUBE-SAFEA1 1.2.2
2025-11-14 04:22:31,135 [INFO] ThirdParty:967 - CMSIS Pack Vendor :STMicroelectronics X-CUBE-NFC4 3.0.0
2025-11-14 04:22:31,135 [INFO] ThirdParty:967 - CMSIS Pack Vendor :STMicroelectronics X-CUBE-SUBG2 5.0.0
2025-11-14 04:22:31,135 [INFO] ThirdParty:967 - CMSIS Pack Vendor :STMicroelectronics X-CUBE-AZRTOS-H7RS 1.1.0
2025-11-14 04:22:31,135 [INFO] ThirdParty:967 - CMSIS Pack Vendor :STMicroelectronics lwIP 2.0.3
2025-11-14 04:22:31,135 [INFO] ThirdParty:967 - CMSIS Pack Vendor :STMicroelectronics USB_HOST 1.0.0
2025-11-14 04:22:31,136 [INFO] ThirdParty:967 - CMSIS Pack Vendor :STMicroelectronics X-CUBE-AZRTOS-G4 2.0.0
2025-11-14 04:22:31,136 [INFO] ThirdParty:967 - CMSIS Pack Vendor :STMicroelectronics X-CUBE-WB05N 2.0.0
2025-11-14 04:22:31,136 [INFO] ThirdParty:967 - CMSIS Pack Vendor :STMicroelectronics PDM2PCM 3.1.0
2025-11-14 04:22:31,136 [INFO] ThirdParty:967 - CMSIS Pack Vendor :STMicroelectronics PDM2PCM 3.3.0
2025-11-14 04:22:31,136 [INFO] ThirdParty:967 - CMSIS Pack Vendor :wolfSSL I-CUBE-wolfTPM 3.8.0
2025-11-14 04:22:31,136 [INFO] ThirdParty:967 - CMSIS Pack Vendor :STMicroelectronics X-CUBE-AZRTOS-H7 3.4.0
2025-11-14 04:22:31,136 [INFO] ThirdParty:967 - CMSIS Pack Vendor :wolfSSL I-CUBE-wolfSSH 1.4.20
2025-11-14 04:22:31,136 [INFO] ThirdParty:967 - CMSIS Pack Vendor :STMicroelectronics X-CUBE-NFC7 2.0.0
2025-11-14 04:22:31,136 [INFO] ThirdParty:967 - CMSIS Pack Vendor :STMicroelectronics FP-ATR-SIGFOX1 3.2.0
2025-11-14 04:22:31,136 [INFO] ThirdParty:967 - CMSIS Pack Vendor :STMicroelectronics X-CUBE-NFC10 1.0.0
2025-11-14 04:22:31,136 [INFO] ThirdParty:967 - CMSIS Pack Vendor :STMicroelectronics HAL Drivers 0.0.0
2025-11-14 04:22:31,136 [INFO] ThirdParty:967 - CMSIS Pack Vendor :STMicroelectronics MBEDTLS 2.16.2
2025-11-14 04:22:31,136 [INFO] ThirdParty:967 - CMSIS Pack Vendor :STMicroelectronics MBEDTLS 2.14.1
2025-11-14 04:22:31,136 [INFO] ThirdParty:967 - CMSIS Pack Vendor :STMicroelectronics X-CUBE-GNSS1 7.1.0
2025-11-14 04:22:31,136 [INFO] ThirdParty:967 - CMSIS Pack Vendor :STMicroelectronics X-CUBE-TOUCHGFX 4.26.0
2025-11-14 04:22:31,136 [INFO] ThirdParty:967 - CMSIS Pack Vendor :STMicroelectronics X-CUBE-STSE01 1.0.0
2025-11-14 04:22:31,136 [INFO] ThirdParty:967 - CMSIS Pack Vendor :STMicroelectronics X-CUBE-AI 10.2.0
2025-11-14 04:22:31,136 [INFO] ThirdParty:967 - CMSIS Pack Vendor :STMicroelectronics X-CUBE-AZRTOS-WL 2.0.0
2025-11-14 04:22:31,136 [INFO] ThirdParty:967 - CMSIS Pack Vendor :SEGGER I-CUBE-embOS 1.3.1
2025-11-14 04:22:31,136 [INFO] ThirdParty:967 - CMSIS Pack Vendor :STMicroelectronics X-CUBE-ALGOBUILD 1.4.0
2025-11-14 04:22:31,136 [INFO] ThirdParty:967 - CMSIS Pack Vendor :STMicroelectronics X-CUBE-MEMS1 11.3.0
2025-11-14 04:22:31,136 [INFO] ThirdParty:967 - CMSIS Pack Vendor :STMicroelectronics USB_DEVICE 1.0.0
2025-11-14 04:22:31,136 [INFO] ThirdParty:967 - CMSIS Pack Vendor :STMicroelectronics X-CUBE-AZRTOS-L4 2.0.0
2025-11-14 04:22:31,136 [INFO] ThirdParty:967 - CMSIS Pack Vendor :STMicroelectronics ThreadX 0.0.2
2025-11-14 04:22:31,136 [INFO] ThirdParty:967 - CMSIS Pack Vendor :STMicroelectronics lwIP 2.1.2
2025-11-14 04:22:31,136 [INFO] ThirdParty:967 - CMSIS Pack Vendor :STMicroelectronics X-CUBE-SFXS2LP1 4.0.0
2025-11-14 04:22:31,136 [INFO] ThirdParty:967 - CMSIS Pack Vendor :STMicroelectronics X-CUBE-BLE2 3.3.0
2025-11-14 04:22:31,136 [INFO] ThirdParty:967 - CMSIS Pack Vendor :STMicroelectronics PDM2PCM 3.2.0
2025-11-14 04:22:31,136 [INFO] ThirdParty:787 - exiting critical section [change project]
2025-11-14 04:22:31,339 [INFO] PinOutPanel:1463 - setPackage(No Configuration,No Configuration)
2025-11-14 04:22:31,341 [INFO] PinOutPanel:1463 - setPackage(STM32F103C6Ux,UFQFPN48)
2025-11-14 04:22:31,585 [INFO] UtilMem:74 - Before build in PCC Used Memory: 1020536320 Bytes (1069547520)
2025-11-14 04:22:31,965 [INFO] UtilMem:74 - After build in PCC Used Memory: 911248312 Bytes (1069547520)
2025-11-14 04:22:31,977 [INFO] IPUIPlugin:74 - create IPUIPlugin
2025-11-14 04:22:31,977 [INFO] IPUIPlugin:74 - create IPUIPlugin
2025-11-14 04:22:31,977 [INFO] IPUIPlugin:74 - create IPUIPlugin
2025-11-14 04:22:31,977 [INFO] IPUIPlugin:74 - create IPUIPlugin
2025-11-14 04:22:31,978 [INFO] IPUIPlugin:74 - create IPUIPlugin
2025-11-14 04:22:31,978 [INFO] IPUIPlugin:74 - create IPUIPlugin
2025-11-14 04:22:31,978 [INFO] IPUIPlugin:74 - create IPUIPlugin
2025-11-14 04:22:31,978 [INFO] IPUIPlugin:74 - create IPUIPlugin
2025-11-14 04:22:31,978 [INFO] IPUIPlugin:74 - create IPUIPlugin
2025-11-14 04:22:31,978 [INFO] IPUIPlugin:74 - create IPUIPlugin
2025-11-14 04:22:31,978 [INFO] IPUIPlugin:74 - create IPUIPlugin
2025-11-14 04:22:31,978 [INFO] IPUIPlugin:74 - create IPUIPlugin
2025-11-14 04:22:31,978 [INFO] IPUIPlugin:74 - create IPUIPlugin
2025-11-14 04:22:31,978 [INFO] IPUIPlugin:74 - create IPUIPlugin
2025-11-14 04:22:31,978 [INFO] IPUIPlugin:74 - create IPUIPlugin
2025-11-14 04:22:31,979 [INFO] IPUIPlugin:74 - create IPUIPlugin
2025-11-14 04:22:31,979 [INFO] IPUIPlugin:74 - create IPUIPlugin
2025-11-14 04:22:31,979 [INFO] IPUIPlugin:74 - create IPUIPlugin
2025-11-14 04:22:31,979 [INFO] IPUIPlugin:74 - create IPUIPlugin
2025-11-14 04:22:31,979 [INFO] IPUIPlugin:74 - create IPUIPlugin
2025-11-14 04:22:31,979 [INFO] IPUIPlugin:74 - create IPUIPlugin
2025-11-14 04:22:31,980 [INFO] IPUIPlugin:74 - create IPUIPlugin
2025-11-14 04:22:31,980 [INFO] IPUIPlugin:74 - create IPUIPlugin
2025-11-14 04:22:32,051 [INFO] OpenFileManager:333 - Restore cursor
2025-11-14 04:23:09,854 [INFO] Gpio:254 - dependency for GPIO []
2025-11-14 04:23:47,302 [INFO] UtilMem:74 - End SaveConfig() Used Memory: 924359384 Bytes (1069547520)
2025-11-14 04:23:48,519 [INFO] UtilMem:74 - End SaveConfig() Used Memory: 950573784 Bytes (1069547520)
2025-11-14 04:23:52,446 [INFO] UtilMem:74 - End SaveConfig() Used Memory: 918535976 Bytes (1069547520)
2025-11-14 04:23:52,621 [INFO] BlockDiagram:2740 - set Specific Code input for plugin: NVIC
2025-11-14 04:23:52,622 [INFO] BlockDiagram:2740 - set Specific Code input for plugin: SYS
2025-11-14 04:23:52,622 [INFO] BlockDiagram:2740 - set Specific Code input for plugin: GPIO
2025-11-14 04:23:52,622 [INFO] BlockDiagram:2740 - set Specific Code input for plugin: RCC
2025-11-14 04:23:52,622 [INFO] BlockDiagram:2740 - set Specific Code input for plugin: TIM1_8F1
2025-11-14 04:23:52,622 [INFO] CodeGenerator:663 - code generatio: config db path: C:\Users\Thanh Phong\STM32CubeIDE_1.7.0\STM32CubeIDE\plugins\com.st.stm32cube.common.mx_6.3.0.202107141111\\db\
2025-11-14 04:23:52,820 [INFO] CodeEngine:239 - oldGeneratedFile, D:\GIT_LAB4.1_VXL\LAB3\MXTmpFiles\license.tmp_save
2025-11-14 04:23:53,058 [INFO] CodeEngine:257 - Generated code: D:\GIT_LAB4.1_VXL\LAB3\MXTmpFiles\license.tmp
2025-11-14 04:23:53,149 [INFO] CodeEngine:239 - oldGeneratedFile, D:\GIT_LAB4.1_VXL\LAB3\MXTmpFiles\gpio.tmp_save
2025-11-14 04:23:53,212 [INFO] CodeEngine:257 - Generated code: D:\GIT_LAB4.1_VXL\LAB3\MXTmpFiles\gpio.tmp
2025-11-14 04:23:53,330 [INFO] CodeEngine:239 - oldGeneratedFile, D:\GIT_LAB4.1_VXL\LAB3\Core\Src\stm32f1xx_it.c_save
2025-11-14 04:23:53,422 [INFO] CodeEngine:257 - Generated code: D:\GIT_LAB4.1_VXL\LAB3\Core\Src\stm32f1xx_it.c
2025-11-14 04:23:53,433 [INFO] CodeEngine:239 - oldGeneratedFile, D:\GIT_LAB4.1_VXL\LAB3\Core\Inc\stm32f1xx_it.h_save
2025-11-14 04:23:53,477 [INFO] CodeEngine:257 - Generated code: D:\GIT_LAB4.1_VXL\LAB3\Core\Inc\stm32f1xx_it.h
2025-11-14 04:23:53,495 [INFO] CodeEngine:239 - oldGeneratedFile, D:\GIT_LAB4.1_VXL\LAB3\Core\Src\stm32f1xx_hal_msp.c_save
2025-11-14 04:23:53,589 [INFO] CodeEngine:257 - Generated code: D:\GIT_LAB4.1_VXL\LAB3\Core\Src\stm32f1xx_hal_msp.c
2025-11-14 04:23:53,591 [INFO] CodeEngine:239 - oldGeneratedFile, D:\GIT_LAB4.1_VXL\LAB3\MXTmpFiles\system.tmp_save
2025-11-14 04:23:53,624 [INFO] CodeEngine:257 - Generated code: D:\GIT_LAB4.1_VXL\LAB3\MXTmpFiles\system.tmp
2025-11-14 04:23:53,638 [INFO] CodeEngine:239 - oldGeneratedFile, D:\GIT_LAB4.1_VXL\LAB3\Core\Inc\stm32f1xx_hal_conf.h_save
2025-11-14 04:23:53,707 [INFO] CodeEngine:257 - Generated code: D:\GIT_LAB4.1_VXL\LAB3\Core\Inc\stm32f1xx_hal_conf.h
2025-11-14 04:23:53,730 [WARN] IPConfigManager:3148 - IP not found : TIM
2025-11-14 04:23:53,730 [WARN] CodeGenerator:3268 - IP not found : null
2025-11-14 04:23:53,745 [INFO] CodeEngine:239 - oldGeneratedFile, D:\GIT_LAB4.1_VXL\LAB3\Core\Inc\main.h_save
2025-11-14 04:23:53,810 [INFO] CodeEngine:257 - Generated code: D:\GIT_LAB4.1_VXL\LAB3\Core\Inc\main.h
2025-11-14 04:23:53,820 [INFO] CodeEngine:239 - oldGeneratedFile, D:\GIT_LAB4.1_VXL\LAB3\Core\Src\main.c_save
2025-11-14 04:23:53,920 [INFO] CodeEngine:257 - Generated code: D:\GIT_LAB4.1_VXL\LAB3\Core\Src\main.c
2025-11-14 04:23:54,627 [INFO] ProjectBuilder:2578 - Time for Copy HAL[1] : 49mS.
2025-11-14 04:23:54,631 [INFO] ProjectBuilder:3622 - Project Generator version: 3.14.1
2025-11-14 04:23:54,878 [INFO] ConfigFileManager:1271 - The Die is : DIE412
2025-11-14 04:23:54,888 [INFO] ApiDbMcu:468 - Load IP Config File for FATFS
2025-11-14 04:23:54,901 [INFO] ApiDbMcu:468 - Load IP Config File for FREERTOS
2025-11-14 04:23:54,912 [INFO] ApiDbMcu:468 - Load IP Config File for USB_DEVICE
2025-11-14 04:23:56,637 [INFO] ProjectBuilder:3789 - Time for Generating toolchain IDE Files: 2006mS.
2025-11-14 04:23:56,642 [INFO] ProjectBuilder:2457 - Time for Copy CMSIS : 5mS.
2025-11-14 04:23:56,644 [INFO] ProjectBuilder:2457 - Time for Copy CMSIS : 0mS.
2025-11-14 04:25:12,165 [INFO] UtilMem:74 - End SaveConfig() Used Memory: 933681136 Bytes (1073741824)
2025-11-14 04:25:12,975 [INFO] UtilMem:74 - End SaveConfig() Used Memory: 959369200 Bytes (1073741824)
2025-11-14 04:25:14,285 [INFO] UtilMem:74 - End SaveConfig() Used Memory: 940290968 Bytes (1073741824)
2025-11-14 04:25:14,458 [INFO] BlockDiagram:2740 - set Specific Code input for plugin: NVIC
2025-11-14 04:25:14,458 [INFO] BlockDiagram:2740 - set Specific Code input for plugin: SYS
2025-11-14 04:25:14,458 [INFO] BlockDiagram:2740 - set Specific Code input for plugin: GPIO
2025-11-14 04:25:14,458 [INFO] BlockDiagram:2740 - set Specific Code input for plugin: RCC
2025-11-14 04:25:14,458 [INFO] BlockDiagram:2740 - set Specific Code input for plugin: TIM1_8F1
2025-11-14 04:25:14,458 [INFO] CodeGenerator:663 - code generatio: config db path: C:\Users\Thanh Phong\STM32CubeIDE_1.7.0\STM32CubeIDE\plugins\com.st.stm32cube.common.mx_6.3.0.202107141111\\db\
2025-11-14 04:25:14,630 [INFO] CodeEngine:239 - oldGeneratedFile, D:\GIT_LAB4.1_VXL\LAB3\MXTmpFiles\license.tmp_save
2025-11-14 04:25:14,668 [INFO] CodeEngine:257 - Generated code: D:\GIT_LAB4.1_VXL\LAB3\MXTmpFiles\license.tmp
2025-11-14 04:25:14,693 [INFO] CodeEngine:239 - oldGeneratedFile, D:\GIT_LAB4.1_VXL\LAB3\MXTmpFiles\gpio.tmp_save
2025-11-14 04:25:14,750 [INFO] CodeEngine:257 - Generated code: D:\GIT_LAB4.1_VXL\LAB3\MXTmpFiles\gpio.tmp
2025-11-14 04:25:14,807 [INFO] CodeEngine:239 - oldGeneratedFile, D:\GIT_LAB4.1_VXL\LAB3\Core\Src\stm32f1xx_it.c_save
2025-11-14 04:25:14,868 [INFO] CodeEngine:257 - Generated code: D:\GIT_LAB4.1_VXL\LAB3\Core\Src\stm32f1xx_it.c
2025-11-14 04:25:14,870 [INFO] CodeEngine:239 - oldGeneratedFile, D:\GIT_LAB4.1_VXL\LAB3\Core\Inc\stm32f1xx_it.h_save
2025-11-14 04:25:14,908 [INFO] CodeEngine:257 - Generated code: D:\GIT_LAB4.1_VXL\LAB3\Core\Inc\stm32f1xx_it.h
2025-11-14 04:25:14,921 [INFO] CodeEngine:239 - oldGeneratedFile, D:\GIT_LAB4.1_VXL\LAB3\Core\Src\stm32f1xx_hal_msp.c_save
2025-11-14 04:25:15,008 [INFO] CodeEngine:257 - Generated code: D:\GIT_LAB4.1_VXL\LAB3\Core\Src\stm32f1xx_hal_msp.c
2025-11-14 04:25:15,011 [INFO] CodeEngine:239 - oldGeneratedFile, D:\GIT_LAB4.1_VXL\LAB3\MXTmpFiles\system.tmp_save
2025-11-14 04:25:15,067 [INFO] CodeEngine:257 - Generated code: D:\GIT_LAB4.1_VXL\LAB3\MXTmpFiles\system.tmp
2025-11-14 04:25:15,082 [INFO] CodeEngine:239 - oldGeneratedFile, D:\GIT_LAB4.1_VXL\LAB3\Core\Inc\stm32f1xx_hal_conf.h_save
2025-11-14 04:25:15,159 [INFO] CodeEngine:257 - Generated code: D:\GIT_LAB4.1_VXL\LAB3\Core\Inc\stm32f1xx_hal_conf.h
2025-11-14 04:25:15,180 [WARN] IPConfigManager:3148 - IP not found : TIM
2025-11-14 04:25:15,181 [WARN] CodeGenerator:3268 - IP not found : null
2025-11-14 04:25:15,199 [INFO] CodeEngine:239 - oldGeneratedFile, D:\GIT_LAB4.1_VXL\LAB3\Core\Inc\main.h_save
2025-11-14 04:25:15,239 [INFO] CodeEngine:257 - Generated code: D:\GIT_LAB4.1_VXL\LAB3\Core\Inc\main.h
2025-11-14 04:25:15,251 [INFO] CodeEngine:239 - oldGeneratedFile, D:\GIT_LAB4.1_VXL\LAB3\Core\Src\main.c_save
2025-11-14 04:25:15,337 [INFO] CodeEngine:257 - Generated code: D:\GIT_LAB4.1_VXL\LAB3\Core\Src\main.c
2025-11-14 04:25:15,985 [INFO] ProjectBuilder:2578 - Time for Copy HAL[1] : 30mS.
2025-11-14 04:25:15,987 [INFO] ProjectBuilder:3622 - Project Generator version: 3.14.1
2025-11-14 04:25:16,221 [INFO] ConfigFileManager:1271 - The Die is : DIE412
2025-11-14 04:25:17,316 [INFO] ProjectBuilder:3789 - Time for Generating toolchain IDE Files: 1329mS.
2025-11-14 04:25:17,317 [INFO] ProjectBuilder:2457 - Time for Copy CMSIS : 1mS.
2025-11-14 04:25:17,317 [INFO] ProjectBuilder:2457 - Time for Copy CMSIS : 0mS.
2025-11-14 04:31:45,836 [INFO] Gpio:254 - dependency for GPIO []
2025-11-14 04:36:54,909 [INFO] UtilMem:74 - End SaveConfig() Used Memory: 953879968 Bytes (1073741824)
2025-11-14 04:36:57,743 [INFO] UtilMem:74 - End SaveConfig() Used Memory: 943141816 Bytes (1073741824)
2025-11-14 04:36:57,900 [INFO] BlockDiagram:2740 - set Specific Code input for plugin: NVIC
2025-11-14 04:36:57,900 [INFO] BlockDiagram:2740 - set Specific Code input for plugin: SYS
2025-11-14 04:36:57,900 [INFO] BlockDiagram:2740 - set Specific Code input for plugin: GPIO
2025-11-14 04:36:57,900 [INFO] BlockDiagram:2740 - set Specific Code input for plugin: RCC
2025-11-14 04:36:57,900 [INFO] BlockDiagram:2740 - set Specific Code input for plugin: TIM1_8F1
2025-11-14 04:36:57,901 [INFO] CodeGenerator:663 - code generatio: config db path: C:\Users\Thanh Phong\STM32CubeIDE_1.7.0\STM32CubeIDE\plugins\com.st.stm32cube.common.mx_6.3.0.202107141111\\db\
2025-11-14 04:36:58,091 [INFO] CodeEngine:239 - oldGeneratedFile, D:\GIT_LAB4.1_VXL\LAB3\MXTmpFiles\license.tmp_save
2025-11-14 04:36:58,133 [INFO] CodeEngine:257 - Generated code: D:\GIT_LAB4.1_VXL\LAB3\MXTmpFiles\license.tmp
2025-11-14 04:36:58,167 [INFO] CodeEngine:239 - oldGeneratedFile, D:\GIT_LAB4.1_VXL\LAB3\MXTmpFiles\gpio.tmp_save
2025-11-14 04:36:58,216 [INFO] CodeEngine:257 - Generated code: D:\GIT_LAB4.1_VXL\LAB3\MXTmpFiles\gpio.tmp
2025-11-14 04:36:58,282 [INFO] CodeEngine:239 - oldGeneratedFile, D:\GIT_LAB4.1_VXL\LAB3\Core\Src\stm32f1xx_it.c_save
2025-11-14 04:36:58,331 [INFO] CodeEngine:257 - Generated code: D:\GIT_LAB4.1_VXL\LAB3\Core\Src\stm32f1xx_it.c
2025-11-14 04:36:58,334 [INFO] CodeEngine:239 - oldGeneratedFile, D:\GIT_LAB4.1_VXL\LAB3\Core\Inc\stm32f1xx_it.h_save
2025-11-14 04:36:58,368 [INFO] CodeEngine:257 - Generated code: D:\GIT_LAB4.1_VXL\LAB3\Core\Inc\stm32f1xx_it.h
2025-11-14 04:36:58,379 [INFO] CodeEngine:239 - oldGeneratedFile, D:\GIT_LAB4.1_VXL\LAB3\Core\Src\stm32f1xx_hal_msp.c_save
2025-11-14 04:36:58,429 [INFO] CodeEngine:257 - Generated code: D:\GIT_LAB4.1_VXL\LAB3\Core\Src\stm32f1xx_hal_msp.c
2025-11-14 04:36:58,430 [INFO] CodeEngine:239 - oldGeneratedFile, D:\GIT_LAB4.1_VXL\LAB3\MXTmpFiles\system.tmp_save
2025-11-14 04:36:58,457 [INFO] CodeEngine:257 - Generated code: D:\GIT_LAB4.1_VXL\LAB3\MXTmpFiles\system.tmp
2025-11-14 04:36:58,468 [INFO] CodeEngine:239 - oldGeneratedFile, D:\GIT_LAB4.1_VXL\LAB3\Core\Inc\stm32f1xx_hal_conf.h_save
2025-11-14 04:36:58,528 [INFO] CodeEngine:257 - Generated code: D:\GIT_LAB4.1_VXL\LAB3\Core\Inc\stm32f1xx_hal_conf.h
2025-11-14 04:36:58,540 [WARN] IPConfigManager:3148 - IP not found : TIM
2025-11-14 04:36:58,540 [WARN] CodeGenerator:3268 - IP not found : null
2025-11-14 04:36:58,550 [INFO] CodeEngine:239 - oldGeneratedFile, D:\GIT_LAB4.1_VXL\LAB3\Core\Inc\main.h_save
2025-11-14 04:36:58,602 [INFO] CodeEngine:257 - Generated code: D:\GIT_LAB4.1_VXL\LAB3\Core\Inc\main.h
2025-11-14 04:36:58,611 [INFO] CodeEngine:239 - oldGeneratedFile, D:\GIT_LAB4.1_VXL\LAB3\Core\Src\main.c_save
2025-11-14 04:36:58,708 [INFO] CodeEngine:257 - Generated code: D:\GIT_LAB4.1_VXL\LAB3\Core\Src\main.c
2025-11-14 04:36:59,336 [INFO] ProjectBuilder:2578 - Time for Copy HAL[1] : 42mS.
2025-11-14 04:36:59,338 [INFO] ProjectBuilder:3622 - Project Generator version: 3.14.1
2025-11-14 04:36:59,585 [INFO] ConfigFileManager:1271 - The Die is : DIE412
2025-11-14 04:37:00,697 [INFO] ProjectBuilder:3789 - Time for Generating toolchain IDE Files: 1359mS.
2025-11-14 04:37:00,697 [INFO] ProjectBuilder:2457 - Time for Copy CMSIS : 0mS.
2025-11-14 04:37:00,698 [INFO] ProjectBuilder:2457 - Time for Copy CMSIS : 0mS.
